# JRE version: Java(TM) SE Runtime Environment (17.0.2+8) (build 17.0.2+8-LTS-86)
# Java VM: Java HotSpot(TM) 64-Bit Server VM (17.0.2+8-LTS-86, mixed mode, sharing, tiered, compressed oops, compressed class ptrs, g1 gc, bsd-amd64)
Heap:
 garbage-first heap   total 51200K, used 17668K [0x0000000780000000, 0x0000000800000000)
  region size 1024K, 13 young (13312K), 6 survivors (6144K)
 Metaspace       used 21655K, committed 21952K, reserved 1073152K
  class space    used 2745K, committed 2880K, reserved 1048576K
GC Heap History (6 events):
Event: 1,286 GC heap before
{Heap before GC invocations=0 (full 0):
 garbage-first heap   total 133120K, used 13268K [0x0000000780000000, 0x0000000800000000)
  region size 1024K, 13 young (13312K), 0 survivors (0K)
 Metaspace       used 3836K, committed 4096K, reserved 1056768K
  class space    used 443K, committed 576K, reserved 1048576K
}
Event: 1,301 GC heap after
{Heap after GC invocations=1 (full 0):
 garbage-first heap   total 133120K, used 3068K [0x0000000780000000, 0x0000000800000000)
  region size 1024K, 2 young (2048K), 2 survivors (2048K)
 Metaspace       used 3836K, committed 4096K, reserved 1056768K
  class space    used 443K, committed 576K, reserved 1048576K
}
Event: 2,281 GC heap before
{Heap before GC invocations=1 (full 0):
 garbage-first heap   total 133120K, used 22524K [0x0000000780000000, 0x0000000800000000)
  region size 1024K, 22 young (22528K), 2 survivors (2048K)
 Metaspace       used 9525K, committed 9664K, reserved 1064960K
  class space    used 1342K, committed 1408K, reserved 1048576K
}
Event: 2,315 GC heap after
{Heap after GC invocations=2 (full 0):
 garbage-first heap   total 133120K, used 5410K [0x0000000780000000, 0x0000000800000000)
  region size 1024K, 3 young (3072K), 3 survivors (3072K)
 Metaspace       used 9525K, committed 9664K, reserved 1064960K
  class space    used 1342K, committed 1408K, reserved 1048576K
}
Event: 113,392 GC heap before
{Heap before GC invocations=2 (full 0):
 garbage-first heap   total 133120K, used 40226K [0x0000000780000000, 0x0000000800000000)
  region size 1024K, 36 young (36864K), 3 survivors (3072K)
 Metaspace       used 21245K, committed 21504K, reserved 1073152K
  class space    used 2705K, committed 2880K, reserved 1048576K
}
Event: 113,401 GC heap after
{Heap after GC invocations=3 (full 0):
 garbage-first heap   total 133120K, used 10660K [0x0000000780000000, 0x0000000800000000)
  region size 1024K, 6 young (6144K), 6 survivors (6144K)
 Metaspace       used 21245K, committed 21504K, reserved 1073152K
  class space    used 2705K, committed 2880K, reserved 1048576K
}

